#
# A fatal error has been detected by the Java Runtime Environment:
#
#  Internal Error (javaClasses.cpp:126), pid=6640, tid=6444
#  fatal error: Invalid layout of preloaded class
#
# JRE version:  (8.0_31-b13) (build )
# Java VM: Java HotSpot(TM) 64-Bit Server VM (25.31-b07 mixed mode windows-amd64 compressed oops)
# Failed to write core dump. Minidumps are not enabled by default on client versions of Windows
#
# If you would like to submit a bug report, please visit:
#   http://bugreport.java.com/bugreport/crash.jsp
#

---------------  T H R E A D  ---------------

Current thread (0x0000000001c70800):  JavaThread "Unknown thread" [_thread_in_vm, id=6444, stack(0x0000000001b70000,0x0000000001c70000)]

Stack: [0x0000000001b70000,0x0000000001c70000]
Native frames: (J=compiled Java code, j=interpreted, Vv=VM code, C=native code)
V  [jvm.dll+0x3169ba]
V  [jvm.dll+0x2674c3]
V  [jvm.dll+0x268103]
V  [jvm.dll+0x25f876]
V  [jvm.dll+0x5e443]
V  [jvm.dll+0x5e533]
V  [jvm.dll+0x72e9a]
V  [jvm.dll+0x73208]
V  [jvm.dll+0xe4997]
V  [jvm.dll+0xe4d26]
V  [jvm.dll+0x1fa057]
V  [jvm.dll+0x22b694]
V  [jvm.dll+0x14d8c1]
C  [javaw.exe+0x20c6]
C  [javaw.exe+0xc9eb]
C  [javaw.exe+0xca7f]
C  [KERNEL32.DLL+0x16ad]
C  [ntdll.dll+0x6e954]


---------------  P R O C E S S  ---------------

Java Threads: ( => current thread )

Other Threads:

=>0x0000000001c70800 (exited) JavaThread "Unknown thread" [_thread_in_vm, id=6444, stack(0x0000000001b70000,0x0000000001c70000)]

VM state:not at safepoint (not fully initialized)

VM Mutex/Monitor currently owned by a thread: None

GC Heap History (0 events):
No events

Deoptimization events (0 events):
No events

Internal exceptions (0 events):
No events

Events (10 events):
Event: 0.079 loading class java/lang/CharSequence done
Event: 0.079 loading class java/lang/String done
Event: 0.079 loading class java/lang/Class
Event: 0.079 loading class java/lang/reflect/AnnotatedElement
Event: 0.079 loading class java/lang/reflect/AnnotatedElement done
Event: 0.079 loading class java/lang/reflect/GenericDeclaration
Event: 0.079 loading class java/lang/reflect/GenericDeclaration done
Event: 0.079 loading class java/lang/reflect/Type
Event: 0.080 loading class java/lang/reflect/Type done
Event: 0.080 loading class java/lang/Class done


Dynamic libraries:
0x00007ff77d2d0000 - 0x00007ff77d304000 	C:\Program Files\Java\jre1.8.0_31\bin\javaw.exe
0x00007fff06e70000 - 0x00007fff0701c000 	C:\WINDOWS\SYSTEM32\ntdll.dll
0x00007fff048a0000 - 0x00007fff049da000 	C:\WINDOWS\system32\KERNEL32.DLL
0x00007fff04440000 - 0x00007fff0454f000 	C:\WINDOWS\system32\KERNELBASE.dll
0x00007fff02ca0000 - 0x00007fff02d28000 	C:\WINDOWS\system32\apphelp.dll
0x00007ffef8d60000 - 0x00007ffef8daf000 	C:\WINDOWS\AppPatch\AppPatch64\AcGenral.DLL
0x00007fff06b70000 - 0x00007fff06c17000 	C:\WINDOWS\system32\msvcrt.dll
0x00007fff03f40000 - 0x00007fff03f6b000 	C:\WINDOWS\SYSTEM32\SspiCli.dll
0x00007fff06900000 - 0x00007fff06951000 	C:\WINDOWS\system32\SHLWAPI.dll
0x00007fff06970000 - 0x00007fff06ae1000 	C:\WINDOWS\system32\USER32.dll
0x00007fff04c70000 - 0x00007fff04de8000 	C:\WINDOWS\system32\ole32.dll
0x00007fff04ff0000 - 0x00007fff06508000 	C:\WINDOWS\system32\SHELL32.dll
0x00007fff03700000 - 0x00007fff0371e000 	C:\WINDOWS\SYSTEM32\USERENV.dll
0x00007fff04df0000 - 0x00007fff04e95000 	C:\WINDOWS\system32\ADVAPI32.dll
0x00007ffefadc0000 - 0x00007ffefaddb000 	C:\WINDOWS\SYSTEM32\MPR.dll
0x00007fff04ea0000 - 0x00007fff04fd7000 	C:\WINDOWS\system32\RPCRT4.dll
0x00007fff06570000 - 0x00007fff065c7000 	C:\WINDOWS\SYSTEM32\sechost.dll
0x00007fff065d0000 - 0x00007fff067a6000 	C:\WINDOWS\SYSTEM32\combase.dll
0x00007fff067b0000 - 0x00007fff068f4000 	C:\WINDOWS\system32\GDI32.dll
0x00007fff04090000 - 0x00007fff040a4000 	C:\WINDOWS\SYSTEM32\profapi.dll
0x00007fff026b0000 - 0x00007fff02762000 	C:\WINDOWS\SYSTEM32\SHCORE.dll
0x00007fff06c80000 - 0x00007fff06cb4000 	C:\WINDOWS\system32\IMM32.DLL
0x00007fff045a0000 - 0x00007fff046f1000 	C:\WINDOWS\system32\MSCTF.dll
0x00007fff02220000 - 0x00007fff0247a000 	C:\WINDOWS\WinSxS\amd64_microsoft.windows.common-controls_6595b64144ccf1df_6.0.9600.17031_none_6242a4b3ecbb55a1\COMCTL32.dll
0x0000000074570000 - 0x0000000074642000 	C:\Program Files\Java\jre1.8.0_31\bin\msvcr100.dll
0x0000000073d10000 - 0x000000007456a000 	C:\Program Files\Java\jre1.8.0_31\bin\server\jvm.dll
0x00007ffefb1c0000 - 0x00007ffefb1c9000 	C:\WINDOWS\SYSTEM32\WSOCK32.dll
0x00007fff00350000 - 0x00007fff0036f000 	C:\WINDOWS\SYSTEM32\WINMM.dll
0x00007fff06cc0000 - 0x00007fff06cc7000 	C:\WINDOWS\system32\PSAPI.DLL
0x00007fff06510000 - 0x00007fff06568000 	C:\WINDOWS\system32\WS2_32.dll
0x00007fff00310000 - 0x00007fff0033a000 	C:\WINDOWS\SYSTEM32\WINMMBASE.dll
0x00007fff06960000 - 0x00007fff06969000 	C:\WINDOWS\system32\NSI.dll
0x00007fff04550000 - 0x00007fff0459a000 	C:\WINDOWS\SYSTEM32\cfgmgr32.dll
0x00007fff02ef0000 - 0x00007fff02f16000 	C:\WINDOWS\SYSTEM32\DEVOBJ.dll
0x0000000073d00000 - 0x0000000073d0f000 	C:\Program Files\Java\jre1.8.0_31\bin\verify.dll
0x0000000073cd0000 - 0x0000000073cf8000 	C:\Program Files\Java\jre1.8.0_31\bin\java.dll
0x0000000073cb0000 - 0x0000000073cc6000 	C:\Program Files\Java\jre1.8.0_31\bin\zip.dll
0x00007ffeebdb0000 - 0x00007ffeebf38000 	C:\WINDOWS\SYSTEM32\dbghelp.dll

VM Arguments:
jvm_args: -Dfile.encoding=Cp1252 -Xbootclasspath:C:\Program Files (x86)\Android\android-sdk\platforms\android-21\android.jar 
java_command: com.inf431.set.model.Comb
java_class_path (initial): C:\Users\Felipe Frujeri\workspace\appcompat_v7\libs\android-support-v4.jar;C:\Users\Felipe Frujeri\workspace\appcompat_v7\libs\android-support-v7-appcompat.jar;C:\Users\Felipe Frujeri\workspace\appcompat_v7\bin\appcompat_v7.jar;C:\Users\Felipe Frujeri\workspace\Set\bin\classes
Launcher Type: SUN_STANDARD

Environment Variables:
PATH=C:\ProgramData\Oracle\Java\javapath;C:\Python27\;C:\Python27\Scripts;C:\WINDOWS\system32;C:\WINDOWS;C:\WINDOWS\System32\Wbem;C:\WINDOWS\System32\WindowsPowerShell\v1.0\;C:\Program Files (x86)\Windows Kits\8.1\Windows Performance Toolkit\;C:\Program Files\Microsoft SQL Server\110\Tools\Binn\;C:\Program Files (x86)\Microsoft SDKs\TypeScript\1.0\;C:\Program Files\MATLAB\R2011a\runtime\win64;C:\Program Files\MATLAB\R2011a\bin;C:/opencv/build\common\tbb\ia32\vc12;C:\Program Files (x86)\CMake\bin;C:\opencv\build\x86\vc12\bin;C:\opencv\build\x86\vc11\bin;C:\opencv\build\x86\vc10\bin;C:\Program Files (x86)\MiKTeX 2.9\miktex\bin\;C:\Program Files\TortoiseSVN\bin;C:\Program Files (x86)\Tesseract-OCR;C:\Program Files (x86)\Tesseract-OCR\lib;C:\Program Files (x86)\Tesseract-OCR\;C:\Tesseract-Build\lib\Win32\
USERNAME=Felipe Frujeri
OS=Windows_NT
PROCESSOR_IDENTIFIER=Intel64 Family 6 Model 23 Stepping 10, GenuineIntel



---------------  S Y S T E M  ---------------

OS: Windows 8.1 , 64 bit Build 9600 

CPU:total 2 (2 cores per cpu, 1 threads per core) family 6 model 23 stepping 10, cmov, cx8, fxsr, mmx, sse, sse2, sse3, ssse3, sse4.1, tsc

Memory: 4k page, physical 3922528k(1315692k free), swap 7854688k(3626764k free)

vm_info: Java HotSpot(TM) 64-Bit Server VM (25.31-b07) for windows-amd64 JRE (1.8.0_31-b13), built on Dec 17 2014 21:00:28 by "java_re" with MS VC++ 10.0 (VS2010)

time: Wed Mar 18 23:56:12 2015
elapsed time: 0 seconds (0d 0h 0m 0s)

